<?xml version="1.0" encoding="UTF-8"?>
<testng-results ignored="0" total="2" passed="2" failed="0" skipped="0">
  <reporter-output>
  </reporter-output>
  <suite started-at="2025-02-26T11:49:31 IST" name="Default suite" finished-at="2025-02-26T11:49:32 IST" duration-ms="49">
    <groups>
    </groups>
    <test started-at="2025-02-26T11:49:31 IST" name="Default test" finished-at="2025-02-26T11:49:32 IST" duration-ms="49">
      <class name="pojo.GetCourse">
        <test-method signature="a()[pri:0, instance:pojo.GetCourse@a9cd3b1]" started-at="2025-02-26T11:49:32 IST" name="a" finished-at="2025-02-26T11:49:32 IST" duration-ms="9" status="PASS">
          <reporter-output>
          </reporter-output>
        </test-method> <!-- a -->
        <test-method signature="b()[pri:0, instance:pojo.GetCourse@a9cd3b1]" started-at="2025-02-26T11:49:32 IST" name="b" finished-at="2025-02-26T11:49:32 IST" duration-ms="1" status="PASS">
          <reporter-output>
          </reporter-output>
        </test-method> <!-- b -->
      </class> <!-- pojo.GetCourse -->
    </test> <!-- Default test -->
  </suite> <!-- Default suite -->
</testng-results>
