<?xml version="1.0" encoding="UTF-8"?>
<testng-results ignored="0" total="2" passed="2" failed="0" skipped="0">
  <reporter-output>
  </reporter-output>
  <suite started-at="2025-02-24T18:44:22 IST" name="Default suite" finished-at="2025-02-24T18:44:28 IST" duration-ms="6210">
    <groups>
    </groups>
    <test started-at="2025-02-24T18:44:22 IST" name="Default test" finished-at="2025-02-24T18:44:28 IST" duration-ms="6210">
      <class name="restAssuresJava.jiraAPIs.CreateIssue">
        <test-method signature="createIssue()[pri:0, instance:restAssuresJava.jiraAPIs.CreateIssue@13e39c73]" started-at="2025-02-24T18:44:22 IST" name="createIssue" finished-at="2025-02-24T18:44:26 IST" duration-ms="3440" status="PASS">
          <reporter-output>
          </reporter-output>
        </test-method> <!-- createIssue -->
        <test-method signature="sendAttachment()[pri:0, instance:restAssuresJava.jiraAPIs.CreateIssue@13e39c73]" started-at="2025-02-24T18:44:26 IST" name="sendAttachment" finished-at="2025-02-24T18:44:28 IST" depends-on-methods="restAssuresJava.jiraAPIs.CreateIssue.createIssue" duration-ms="2730" status="PASS">
          <reporter-output>
          </reporter-output>
        </test-method> <!-- sendAttachment -->
      </class> <!-- restAssuresJava.jiraAPIs.CreateIssue -->
    </test> <!-- Default test -->
  </suite> <!-- Default suite -->
</testng-results>
